<?xml version="1.0" encoding="UTF-8"?>
<!-- Generated by org.testng.reporters.JUnitReportReporter -->
<testsuite hostname="LTIN197029" failures="0" tests="2" name="cucumber.TestNGTestRunner" time="24.482" errors="0" timestamp="2022-10-25T21:24:42 IST" skipped="0">
  <testcase classname="cucumber.TestNGTestRunner" name="runScenario" time="10.991"/>
  <system-out/>
  <testcase classname="cucumber.TestNGTestRunner" name="runScenario" time="13.491"/>
  <system-out/>
</testsuite> <!-- cucumber.TestNGTestRunner -->
